<?xml version="1.0" encoding="UTF-8"?>
<!-- Generated by org.testng.reporters.JUnitXMLReporter -->
<testsuite hostname="MAN-ARASAKI02" name="Default test" tests="3" failures="0" timestamp="15 Mar 2018 15:26:35 GMT" time="33.258" errors="0">
  <testcase name="loginPageTitleTest" time="0.038" classname="com.CRM.qa.testcases.LoginPageTest"/>
  <testcase name="crmLogoImageTest" time="0.119" classname="com.CRM.qa.testcases.LoginPageTest"/>
  <testcase name="logintest" time="0.363" classname="com.CRM.qa.testcases.LoginPageTest"/>
</testsuite> <!-- Default test -->
