<?xml version="1.0" encoding="UTF-8"?>
<testng-results skipped="0" failed="0" total="3" passed="3">
  <reporter-output>
  </reporter-output>
  <suite name="Default suite" duration-ms="33258" started-at="2018-03-15T15:26:01Z" finished-at="2018-03-15T15:26:35Z">
    <groups>
    </groups>
    <test name="Default test" duration-ms="33258" started-at="2018-03-15T15:26:01Z" finished-at="2018-03-15T15:26:35Z">
      <class name="com.CRM.qa.testcases.LoginPageTest">
        <test-method status="PASS" signature="setUp()[pri:0, instance:com.CRM.qa.testcases.LoginPageTest@59494225]" name="setUp" is-config="true" duration-ms="10851" started-at="2018-03-15T15:26:01Z" finished-at="2018-03-15T15:26:12Z">
          <reporter-output>
          </reporter-output>
        </test-method> <!-- setUp -->
        <test-method status="PASS" signature="loginPageTitleTest()[pri:0, instance:com.CRM.qa.testcases.LoginPageTest@59494225]" name="loginPageTitleTest" duration-ms="38" started-at="2018-03-15T15:26:12Z" finished-at="2018-03-15T15:26:12Z">
          <reporter-output>
          </reporter-output>
        </test-method> <!-- loginPageTitleTest -->
        <test-method status="PASS" signature="tearDown()[pri:0, instance:com.CRM.qa.testcases.LoginPageTest@59494225]" name="tearDown" is-config="true" duration-ms="1290" started-at="2018-03-15T15:26:12Z" finished-at="2018-03-15T15:26:14Z">
          <reporter-output>
          </reporter-output>
        </test-method> <!-- tearDown -->
        <test-method status="PASS" signature="setUp()[pri:0, instance:com.CRM.qa.testcases.LoginPageTest@59494225]" name="setUp" is-config="true" duration-ms="9564" started-at="2018-03-15T15:26:14Z" finished-at="2018-03-15T15:26:23Z">
          <reporter-output>
          </reporter-output>
        </test-method> <!-- setUp -->
        <test-method status="PASS" signature="crmLogoImageTest()[pri:0, instance:com.CRM.qa.testcases.LoginPageTest@59494225]" name="crmLogoImageTest" duration-ms="119" started-at="2018-03-15T15:26:23Z" finished-at="2018-03-15T15:26:23Z">
          <reporter-output>
          </reporter-output>
        </test-method> <!-- crmLogoImageTest -->
        <test-method status="PASS" signature="tearDown()[pri:0, instance:com.CRM.qa.testcases.LoginPageTest@59494225]" name="tearDown" is-config="true" duration-ms="821" started-at="2018-03-15T15:26:23Z" finished-at="2018-03-15T15:26:24Z">
          <reporter-output>
          </reporter-output>
        </test-method> <!-- tearDown -->
        <test-method status="PASS" signature="setUp()[pri:0, instance:com.CRM.qa.testcases.LoginPageTest@59494225]" name="setUp" is-config="true" duration-ms="9738" started-at="2018-03-15T15:26:24Z" finished-at="2018-03-15T15:26:34Z">
          <reporter-output>
          </reporter-output>
        </test-method> <!-- setUp -->
        <test-method status="PASS" signature="logintest()[pri:0, instance:com.CRM.qa.testcases.LoginPageTest@59494225]" name="logintest" duration-ms="363" started-at="2018-03-15T15:26:34Z" finished-at="2018-03-15T15:26:34Z">
          <reporter-output>
          </reporter-output>
        </test-method> <!-- logintest -->
        <test-method status="PASS" signature="tearDown()[pri:0, instance:com.CRM.qa.testcases.LoginPageTest@59494225]" name="tearDown" is-config="true" duration-ms="459" started-at="2018-03-15T15:26:34Z" finished-at="2018-03-15T15:26:35Z">
          <reporter-output>
          </reporter-output>
        </test-method> <!-- tearDown -->
      </class> <!-- com.CRM.qa.testcases.LoginPageTest -->
    </test> <!-- Default test -->
  </suite> <!-- Default suite -->
</testng-results>
